<?xml version="1.0" encoding="UTF-8"?>
<testsuite name="com.gdg.gdgback.GdgbackApplicationTests" tests="4" skipped="0" failures="0" errors="0" timestamp="2025-02-15T07:33:30" hostname="DESKTOP-SU6E90L" time="0.105">
  <properties/>
  <testcase name="addExistingUser()" classname="com.gdg.gdgback.GdgbackApplicationTests" time="0.078"/>
  <testcase name="addUser()" classname="com.gdg.gdgback.GdgbackApplicationTests" time="0.009"/>
  <testcase name="getUser()" classname="com.gdg.gdgback.GdgbackApplicationTests" time="0.005"/>
  <testcase name="GetNotExistingUser()" classname="com.gdg.gdgback.GdgbackApplicationTests" time="0.007"/>
  <system-out><![CDATA[Standard Commons Logging discovery in action with spring-jcl: please remove commons-logging.jar from classpath in order to avoid potential conflicts
16:33:24.596 [Test worker] INFO org.springframework.test.context.support.AnnotationConfigContextLoaderUtils -- Could not detect default configuration classes for test class [com.gdg.gdgback.GdgbackApplicationTests]: GdgbackApplicationTests does not declare any static, non-private, non-final, nested classes annotated with @Configuration.
16:33:24.780 [Test worker] INFO org.springframework.boot.test.context.SpringBootTestContextBootstrapper -- Found @SpringBootConfiguration com.gdg.gdgback.GdgbackApplication for test class com.gdg.gdgback.GdgbackApplicationTests

  .   ____          _            __ _ _
 /\\ / ___'_ __ _ _(_)_ __  __ _ \ \ \ \
( ( )\___ | '_ | '_| | '_ \/ _` | \ \ \ \
 \\/  ___)| |_)| | | | | || (_| |  ) ) ) )
  '  |____| .__|_| |_|_| |_\__, | / / / /
 =========|_|==============|___/=/_/_/_/

 :: Spring Boot ::                (v3.4.2)

2025-02-15T16:33:26.583+09:00  INFO 9472 --- [gdgback] [    Test worker] c.gdg.gdgback.GdgbackApplicationTests    : Starting GdgbackApplicationTests using Java 21.0.6 with PID 9472 (started by pupaj in C:\Users\pupaj\IdeaProjects\GDG-Back)
2025-02-15T16:33:26.585+09:00  INFO 9472 --- [gdgback] [    Test worker] c.gdg.gdgback.GdgbackApplicationTests    : No active profile set, falling back to 1 default profile: "default"
2025-02-15T16:33:27.136+09:00  INFO 9472 --- [gdgback] [    Test worker] .s.d.r.c.RepositoryConfigurationDelegate : Bootstrapping Spring Data MongoDB repositories in DEFAULT mode.
2025-02-15T16:33:27.320+09:00  INFO 9472 --- [gdgback] [    Test worker] .s.d.r.c.RepositoryConfigurationDelegate : Finished Spring Data repository scanning in 175 ms. Found 1 MongoDB repository interface.
2025-02-15T16:33:29.509+09:00  INFO 9472 --- [gdgback] [tvd.mongodb.net] org.mongodb.driver.cluster               : Adding discovered server gdgback-shard-00-02.rbtvd.mongodb.net:27017 to client view of cluster
2025-02-15T16:33:29.539+09:00  INFO 9472 --- [gdgback] [    Test worker] org.mongodb.driver.client                : MongoClient with metadata {"application": {"name": "gdgback"}, "driver": {"name": "mongo-java-driver|sync|spring-boot", "version": "5.2.1"}, "os": {"type": "Windows", "name": "Windows 10", "architecture": "amd64", "version": "10.0"}, "platform": "Java/Eclipse Adoptium/21.0.6+7-LTS"} created with settings MongoClientSettings{readPreference=primary, writeConcern=WriteConcern{w=majority, wTimeout=null ms, journal=null}, retryWrites=true, retryReads=true, readConcern=ReadConcern{level=null}, credential=MongoCredential{mechanism=null, userName='pupajusang01', source='admin', password=<hidden>, mechanismProperties=<hidden>}, transportSettings=null, commandListeners=[], codecRegistry=ProvidersCodecRegistry{codecProviders=[ValueCodecProvider{}, BsonValueCodecProvider{}, DBRefCodecProvider{}, DBObjectCodecProvider{}, DocumentCodecProvider{}, CollectionCodecProvider{}, IterableCodecProvider{}, MapCodecProvider{}, GeoJsonCodecProvider{}, GridFSFileCodecProvider{}, Jsr310CodecProvider{}, JsonObjectCodecProvider{}, BsonCodecProvider{}, EnumCodecProvider{}, com.mongodb.client.model.mql.ExpressionCodecProvider@3d5e0bf0, com.mongodb.Jep395RecordCodecProvider@166d576b, com.mongodb.KotlinCodecProvider@53153d5e]}, loggerSettings=LoggerSettings{maxDocumentLength=1000}, clusterSettings={hosts=[127.0.0.1:27017], srvHost=gdgback.rbtvd.mongodb.net, srvServiceName=mongodb, mode=MULTIPLE, requiredClusterType=REPLICA_SET, requiredReplicaSetName='atlas-9m7360-shard-0', serverSelector='null', clusterListeners='[]', serverSelectionTimeout='30000 ms', localThreshold='15 ms'}, socketSettings=SocketSettings{connectTimeoutMS=10000, readTimeoutMS=0, receiveBufferSize=0, proxySettings=ProxySettings{host=null, port=null, username=null, password=null}}, heartbeatSocketSettings=SocketSettings{connectTimeoutMS=10000, readTimeoutMS=10000, receiveBufferSize=0, proxySettings=ProxySettings{host=null, port=null, username=null, password=null}}, connectionPoolSettings=ConnectionPoolSettings{maxSize=100, minSize=0, maxWaitTimeMS=120000, maxConnectionLifeTimeMS=0, maxConnectionIdleTimeMS=0, maintenanceInitialDelayMS=0, maintenanceFrequencyMS=60000, connectionPoolListeners=[], maxConnecting=2}, serverSettings=ServerSettings{heartbeatFrequencyMS=10000, minHeartbeatFrequencyMS=500, serverMonitoringMode=AUTO, serverListeners='[]', serverMonitorListeners='[]'}, sslSettings=SslSettings{enabled=true, invalidHostNameAllowed=false, context=null}, applicationName='gdgback', compressorList=[], uuidRepresentation=JAVA_LEGACY, serverApi=null, autoEncryptionSettings=null, dnsClient=null, inetAddressResolver=null, contextProvider=null, timeoutMS=null}
2025-02-15T16:33:29.549+09:00  INFO 9472 --- [gdgback] [tvd.mongodb.net] org.mongodb.driver.cluster               : Adding discovered server gdgback-shard-00-01.rbtvd.mongodb.net:27017 to client view of cluster
2025-02-15T16:33:29.554+09:00  INFO 9472 --- [gdgback] [tvd.mongodb.net] org.mongodb.driver.cluster               : Adding discovered server gdgback-shard-00-00.rbtvd.mongodb.net:27017 to client view of cluster
2025-02-15T16:33:29.989+09:00  INFO 9472 --- [gdgback] [ngodb.net:27017] org.mongodb.driver.cluster               : Monitor thread successfully connected to server with description ServerDescription{address=gdgback-shard-00-02.rbtvd.mongodb.net:27017, type=REPLICA_SET_PRIMARY, cryptd=false, state=CONNECTED, ok=true, minWireVersion=0, maxWireVersion=25, maxDocumentSize=16777216, logicalSessionTimeoutMinutes=30, roundTripTimeNanos=351541500, minRoundTripTimeNanos=0, setName='atlas-9m7360-shard-0', canonicalAddress=gdgback-shard-00-02.rbtvd.mongodb.net:27017, hosts=[gdgback-shard-00-00.rbtvd.mongodb.net:27017, gdgback-shard-00-01.rbtvd.mongodb.net:27017, gdgback-shard-00-02.rbtvd.mongodb.net:27017], passives=[], arbiters=[], primary='gdgback-shard-00-02.rbtvd.mongodb.net:27017', tagSet=TagSet{[Tag{name='availabilityZone', value='asia-northeast3-c'}, Tag{name='diskState', value='READY'}, Tag{name='nodeType', value='ELECTABLE'}, Tag{name='provider', value='GCP'}, Tag{name='region', value='ASIA_NORTHEAST_3'}, Tag{name='workloadType', value='OPERATIONAL'}]}, electionId=7fffffff0000000000000059, setVersion=30, topologyVersion=TopologyVersion{processId=67ab7b07d444d7f257d8413d, counter=6}, lastWriteDate=Sat Feb 15 16:33:30 KST 2025, lastUpdateTimeNanos=41921571241000}
2025-02-15T16:33:29.989+09:00  INFO 9472 --- [gdgback] [ngodb.net:27017] org.mongodb.driver.cluster               : Monitor thread successfully connected to server with description ServerDescription{address=gdgback-shard-00-01.rbtvd.mongodb.net:27017, type=REPLICA_SET_SECONDARY, cryptd=false, state=CONNECTED, ok=true, minWireVersion=0, maxWireVersion=25, maxDocumentSize=16777216, logicalSessionTimeoutMinutes=30, roundTripTimeNanos=351191900, minRoundTripTimeNanos=0, setName='atlas-9m7360-shard-0', canonicalAddress=gdgback-shard-00-01.rbtvd.mongodb.net:27017, hosts=[gdgback-shard-00-00.rbtvd.mongodb.net:27017, gdgback-shard-00-01.rbtvd.mongodb.net:27017, gdgback-shard-00-02.rbtvd.mongodb.net:27017], passives=[], arbiters=[], primary='gdgback-shard-00-02.rbtvd.mongodb.net:27017', tagSet=TagSet{[Tag{name='availabilityZone', value='asia-northeast3-b'}, Tag{name='diskState', value='READY'}, Tag{name='nodeType', value='ELECTABLE'}, Tag{name='provider', value='GCP'}, Tag{name='region', value='ASIA_NORTHEAST_3'}, Tag{name='workloadType', value='OPERATIONAL'}]}, electionId=null, setVersion=30, topologyVersion=TopologyVersion{processId=67ab7e57e620cf638002da69, counter=3}, lastWriteDate=Sat Feb 15 16:33:30 KST 2025, lastUpdateTimeNanos=41921571241100}
2025-02-15T16:33:29.989+09:00  INFO 9472 --- [gdgback] [ngodb.net:27017] org.mongodb.driver.cluster               : Monitor thread successfully connected to server with description ServerDescription{address=gdgback-shard-00-00.rbtvd.mongodb.net:27017, type=REPLICA_SET_SECONDARY, cryptd=false, state=CONNECTED, ok=true, minWireVersion=0, maxWireVersion=25, maxDocumentSize=16777216, logicalSessionTimeoutMinutes=30, roundTripTimeNanos=351771500, minRoundTripTimeNanos=0, setName='atlas-9m7360-shard-0', canonicalAddress=gdgback-shard-00-00.rbtvd.mongodb.net:27017, hosts=[gdgback-shard-00-00.rbtvd.mongodb.net:27017, gdgback-shard-00-01.rbtvd.mongodb.net:27017, gdgback-shard-00-02.rbtvd.mongodb.net:27017], passives=[], arbiters=[], primary='gdgback-shard-00-02.rbtvd.mongodb.net:27017', tagSet=TagSet{[Tag{name='availabilityZone', value='asia-northeast3-a'}, Tag{name='diskState', value='READY'}, Tag{name='nodeType', value='ELECTABLE'}, Tag{name='provider', value='GCP'}, Tag{name='region', value='ASIA_NORTHEAST_3'}, Tag{name='workloadType', value='OPERATIONAL'}]}, electionId=null, setVersion=30, topologyVersion=TopologyVersion{processId=67ab784e7975506649b0c078, counter=4}, lastWriteDate=Sat Feb 15 16:33:30 KST 2025, lastUpdateTimeNanos=41921571241100}
2025-02-15T16:33:29.997+09:00  INFO 9472 --- [gdgback] [ngodb.net:27017] org.mongodb.driver.cluster               : Discovered replica set primary gdgback-shard-00-02.rbtvd.mongodb.net:27017 with max election id 7fffffff0000000000000059 and max set version 30
2025-02-15T16:33:30.141+09:00  INFO 9472 --- [gdgback] [    Test worker] c.gdg.gdgback.GdgbackApplicationTests    : Started GdgbackApplicationTests in 3.997 seconds (process running for 6.826)
]]></system-out>
  <system-err><![CDATA[Mockito is currently self-attaching to enable the inline-mock-maker. This will no longer work in future releases of the JDK. Please add Mockito as an agent to your build what is described in Mockito's documentation: https://javadoc.io/doc/org.mockito/mockito-core/latest/org/mockito/Mockito.html#0.3
WARNING: A Java agent has been loaded dynamically (C:\Users\pupaj\.gradle\caches\modules-2\files-2.1\net.bytebuddy\byte-buddy-agent\1.15.11\a38b16385e867f59a641330f0362ebe742788ed8\byte-buddy-agent-1.15.11.jar)
WARNING: If a serviceability tool is in use, please run with -XX:+EnableDynamicAgentLoading to hide this warning
WARNING: If a serviceability tool is not in use, please run with -Djdk.instrument.traceUsage for more information
WARNING: Dynamic loading of agents will be disallowed by default in a future release
]]></system-err>
</testsuite>
