<?xml version="1.0" encoding="UTF-8"?>
<testsuite name="com.gdg.gdgback.User.UserServiceTest" tests="6" skipped="0" failures="0" errors="0" timestamp="2025-05-08T10:29:54" hostname="DESKTOP-RBCQKDV" time="2.672">
  <properties/>
  <testcase name="deleteUserNotExists()" classname="com.gdg.gdgback.User.UserServiceTest" time="2.576"/>
  <testcase name="createExistingUser()" classname="com.gdg.gdgback.User.UserServiceTest" time="0.02"/>
  <testcase name="readUser()" classname="com.gdg.gdgback.User.UserServiceTest" time="0.019"/>
  <testcase name="createUser()" classname="com.gdg.gdgback.User.UserServiceTest" time="0.01"/>
  <testcase name="readNotExistingUser()" classname="com.gdg.gdgback.User.UserServiceTest" time="0.012"/>
  <testcase name="deleteUser()" classname="com.gdg.gdgback.User.UserServiceTest" time="0.012"/>
  <system-out><![CDATA[]]></system-out>
  <system-err><![CDATA[Mockito is currently self-attaching to enable the inline-mock-maker. This will no longer work in future releases of the JDK. Please add Mockito as an agent to your build what is described in Mockito's documentation: https://javadoc.io/doc/org.mockito/mockito-core/latest/org/mockito/Mockito.html#0.3
WARNING: A Java agent has been loaded dynamically (C:\Users\USER\.gradle\caches\modules-2\files-2.1\net.bytebuddy\byte-buddy-agent\1.15.11\a38b16385e867f59a641330f0362ebe742788ed8\byte-buddy-agent-1.15.11.jar)
WARNING: If a serviceability tool is in use, please run with -XX:+EnableDynamicAgentLoading to hide this warning
WARNING: If a serviceability tool is not in use, please run with -Djdk.instrument.traceUsage for more information
WARNING: Dynamic loading of agents will be disallowed by default in a future release
]]></system-err>
</testsuite>
