<?xml version="1.0" encoding="UTF-8"?>
<testsuite name="com.gdg.gdgback.GdgbackApplicationTests" tests="4" skipped="0" failures="0" errors="0" timestamp="2025-03-16T06:34:46" hostname="DESKTOP-ND0U1NQ" time="0.083">
  <properties/>
  <testcase name="createExistingUser()" classname="com.gdg.gdgback.GdgbackApplicationTests" time="0.053"/>
  <testcase name="readUser()" classname="com.gdg.gdgback.GdgbackApplicationTests" time="0.01"/>
  <testcase name="createUser()" classname="com.gdg.gdgback.GdgbackApplicationTests" time="0.008"/>
  <testcase name="readNotExistingUser()" classname="com.gdg.gdgback.GdgbackApplicationTests" time="0.006"/>
  <system-out><![CDATA[15:34:42.234 [Test worker] INFO org.springframework.test.context.support.AnnotationConfigContextLoaderUtils -- Could not detect default configuration classes for test class [com.gdg.gdgback.GdgbackApplicationTests]: GdgbackApplicationTests does not declare any static, non-private, non-final, nested classes annotated with @Configuration.
15:34:42.363 [Test worker] INFO org.springframework.boot.test.context.SpringBootTestContextBootstrapper -- Found @SpringBootConfiguration com.gdg.gdgback.GdgbackApplication for test class com.gdg.gdgback.GdgbackApplicationTests

  .   ____          _            __ _ _
 /\\ / ___'_ __ _ _(_)_ __  __ _ \ \ \ \
( ( )\___ | '_ | '_| | '_ \/ _` | \ \ \ \
 \\/  ___)| |_)| | | | | || (_| |  ) ) ) )
  '  |____| .__|_| |_|_| |_\__, | / / / /
 =========|_|==============|___/=/_/_/_/

 :: Spring Boot ::                (v3.4.2)

2025-03-16T15:34:43.784+09:00  INFO 4436 --- [gdgback] [    Test worker] c.gdg.gdgback.GdgbackApplicationTests    : Starting GdgbackApplicationTests using Java 21.0.6 with PID 4436 (started by jiseong in C:\Users\jiseong\IdeaProjects\GDG-Back)
2025-03-16T15:34:43.784+09:00  INFO 4436 --- [gdgback] [    Test worker] c.gdg.gdgback.GdgbackApplicationTests    : The following 1 profile is active: "test"
2025-03-16T15:34:44.270+09:00  INFO 4436 --- [gdgback] [    Test worker] .s.d.r.c.RepositoryConfigurationDelegate : Bootstrapping Spring Data MongoDB repositories in DEFAULT mode.
2025-03-16T15:34:44.443+09:00  INFO 4436 --- [gdgback] [    Test worker] .s.d.r.c.RepositoryConfigurationDelegate : Finished Spring Data repository scanning in 155 ms. Found 4 MongoDB repository interfaces.
2025-03-16T15:34:45.243+09:00  INFO 4436 --- [gdgback] [    Test worker] org.mongodb.driver.client                : MongoClient with metadata {"application": {"name": "gdgback"}, "driver": {"name": "mongo-java-driver|sync|spring-boot", "version": "5.2.1"}, "os": {"type": "Windows", "name": "Windows 11", "architecture": "amd64", "version": "10.0"}, "platform": "Java/Eclipse Adoptium/21.0.6+7-LTS"} created with settings MongoClientSettings{readPreference=primary, writeConcern=WriteConcern{w=majority, wTimeout=null ms, journal=null}, retryWrites=true, retryReads=true, readConcern=ReadConcern{level=null}, credential=MongoCredential{mechanism=null, userName='pupajusang01', source='admin', password=<hidden>, mechanismProperties=<hidden>}, transportSettings=null, commandListeners=[], codecRegistry=ProvidersCodecRegistry{codecProviders=[ValueCodecProvider{}, BsonValueCodecProvider{}, DBRefCodecProvider{}, DBObjectCodecProvider{}, DocumentCodecProvider{}, CollectionCodecProvider{}, IterableCodecProvider{}, MapCodecProvider{}, GeoJsonCodecProvider{}, GridFSFileCodecProvider{}, Jsr310CodecProvider{}, JsonObjectCodecProvider{}, BsonCodecProvider{}, EnumCodecProvider{}, com.mongodb.client.model.mql.ExpressionCodecProvider@4ad8d36f, com.mongodb.Jep395RecordCodecProvider@74a5bef0, com.mongodb.KotlinCodecProvider@68c4a860]}, loggerSettings=LoggerSettings{maxDocumentLength=1000}, clusterSettings={hosts=[127.0.0.1:27017], srvHost=gdgback.rbtvd.mongodb.net, srvServiceName=mongodb, mode=MULTIPLE, requiredClusterType=REPLICA_SET, requiredReplicaSetName='atlas-9m7360-shard-0', serverSelector='null', clusterListeners='[]', serverSelectionTimeout='30000 ms', localThreshold='15 ms'}, socketSettings=SocketSettings{connectTimeoutMS=10000, readTimeoutMS=0, receiveBufferSize=0, proxySettings=ProxySettings{host=null, port=null, username=null, password=null}}, heartbeatSocketSettings=SocketSettings{connectTimeoutMS=10000, readTimeoutMS=10000, receiveBufferSize=0, proxySettings=ProxySettings{host=null, port=null, username=null, password=null}}, connectionPoolSettings=ConnectionPoolSettings{maxSize=100, minSize=0, maxWaitTimeMS=120000, maxConnectionLifeTimeMS=0, maxConnectionIdleTimeMS=0, maintenanceInitialDelayMS=0, maintenanceFrequencyMS=60000, connectionPoolListeners=[], maxConnecting=2}, serverSettings=ServerSettings{heartbeatFrequencyMS=10000, minHeartbeatFrequencyMS=500, serverMonitoringMode=AUTO, serverListeners='[]', serverMonitorListeners='[]'}, sslSettings=SslSettings{enabled=true, invalidHostNameAllowed=false, context=null}, applicationName='gdgback', compressorList=[], uuidRepresentation=JAVA_LEGACY, serverApi=null, autoEncryptionSettings=null, dnsClient=null, inetAddressResolver=null, contextProvider=null, timeoutMS=null}
2025-03-16T15:34:45.341+09:00  INFO 4436 --- [gdgback] [tvd.mongodb.net] org.mongodb.driver.cluster               : Adding discovered server gdgback-shard-00-02.rbtvd.mongodb.net:27017 to client view of cluster
2025-03-16T15:34:45.376+09:00  INFO 4436 --- [gdgback] [tvd.mongodb.net] org.mongodb.driver.cluster               : Adding discovered server gdgback-shard-00-01.rbtvd.mongodb.net:27017 to client view of cluster
2025-03-16T15:34:45.376+09:00  INFO 4436 --- [gdgback] [tvd.mongodb.net] org.mongodb.driver.cluster               : Adding discovered server gdgback-shard-00-00.rbtvd.mongodb.net:27017 to client view of cluster
2025-03-16T15:34:45.965+09:00  INFO 4436 --- [gdgback] [ngodb.net:27017] org.mongodb.driver.cluster               : Monitor thread successfully connected to server with description ServerDescription{address=gdgback-shard-00-00.rbtvd.mongodb.net:27017, type=REPLICA_SET_SECONDARY, cryptd=false, state=CONNECTED, ok=true, minWireVersion=0, maxWireVersion=25, maxDocumentSize=16777216, logicalSessionTimeoutMinutes=30, roundTripTimeNanos=166902800, minRoundTripTimeNanos=0, setName='atlas-9m7360-shard-0', canonicalAddress=gdgback-shard-00-00.rbtvd.mongodb.net:27017, hosts=[gdgback-shard-00-00.rbtvd.mongodb.net:27017, gdgback-shard-00-01.rbtvd.mongodb.net:27017, gdgback-shard-00-02.rbtvd.mongodb.net:27017], passives=[], arbiters=[], primary='gdgback-shard-00-02.rbtvd.mongodb.net:27017', tagSet=TagSet{[Tag{name='availabilityZone', value='asia-northeast3-a'}, Tag{name='diskState', value='READY'}, Tag{name='nodeType', value='ELECTABLE'}, Tag{name='provider', value='GCP'}, Tag{name='region', value='ASIA_NORTHEAST_3'}, Tag{name='workloadType', value='OPERATIONAL'}]}, electionId=null, setVersion=33, topologyVersion=TopologyVersion{processId=67d2f6d0c6f2a0375d6b0b3b, counter=4}, lastWriteDate=Sun Mar 16 15:34:44 KST 2025, lastUpdateTimeNanos=98812793387400}
2025-03-16T15:34:45.965+09:00  INFO 4436 --- [gdgback] [ngodb.net:27017] org.mongodb.driver.cluster               : Monitor thread successfully connected to server with description ServerDescription{address=gdgback-shard-00-02.rbtvd.mongodb.net:27017, type=REPLICA_SET_PRIMARY, cryptd=false, state=CONNECTED, ok=true, minWireVersion=0, maxWireVersion=25, maxDocumentSize=16777216, logicalSessionTimeoutMinutes=30, roundTripTimeNanos=296077100, minRoundTripTimeNanos=0, setName='atlas-9m7360-shard-0', canonicalAddress=gdgback-shard-00-02.rbtvd.mongodb.net:27017, hosts=[gdgback-shard-00-00.rbtvd.mongodb.net:27017, gdgback-shard-00-01.rbtvd.mongodb.net:27017, gdgback-shard-00-02.rbtvd.mongodb.net:27017], passives=[], arbiters=[], primary='gdgback-shard-00-02.rbtvd.mongodb.net:27017', tagSet=TagSet{[Tag{name='availabilityZone', value='asia-northeast3-c'}, Tag{name='diskState', value='READY'}, Tag{name='nodeType', value='ELECTABLE'}, Tag{name='provider', value='GCP'}, Tag{name='region', value='ASIA_NORTHEAST_3'}, Tag{name='workloadType', value='OPERATIONAL'}]}, electionId=7fffffff000000000000005d, setVersion=33, topologyVersion=TopologyVersion{processId=67d2fb28cafed16ff087782a, counter=6}, lastWriteDate=Sun Mar 16 15:34:44 KST 2025, lastUpdateTimeNanos=98812793387400}
2025-03-16T15:34:45.965+09:00  INFO 4436 --- [gdgback] [ngodb.net:27017] org.mongodb.driver.cluster               : Monitor thread successfully connected to server with description ServerDescription{address=gdgback-shard-00-01.rbtvd.mongodb.net:27017, type=REPLICA_SET_SECONDARY, cryptd=false, state=CONNECTED, ok=true, minWireVersion=0, maxWireVersion=25, maxDocumentSize=16777216, logicalSessionTimeoutMinutes=30, roundTripTimeNanos=296612500, minRoundTripTimeNanos=0, setName='atlas-9m7360-shard-0', canonicalAddress=gdgback-shard-00-01.rbtvd.mongodb.net:27017, hosts=[gdgback-shard-00-00.rbtvd.mongodb.net:27017, gdgback-shard-00-01.rbtvd.mongodb.net:27017, gdgback-shard-00-02.rbtvd.mongodb.net:27017], passives=[], arbiters=[], primary='gdgback-shard-00-02.rbtvd.mongodb.net:27017', tagSet=TagSet{[Tag{name='availabilityZone', value='asia-northeast3-b'}, Tag{name='diskState', value='READY'}, Tag{name='nodeType', value='ELECTABLE'}, Tag{name='provider', value='GCP'}, Tag{name='region', value='ASIA_NORTHEAST_3'}, Tag{name='workloadType', value='OPERATIONAL'}]}, electionId=null, setVersion=33, topologyVersion=TopologyVersion{processId=67d2fee8135492755d9d2d59, counter=3}, lastWriteDate=Sun Mar 16 15:34:44 KST 2025, lastUpdateTimeNanos=98812793387400}
2025-03-16T15:34:45.968+09:00  INFO 4436 --- [gdgback] [ngodb.net:27017] org.mongodb.driver.cluster               : Discovered replica set primary gdgback-shard-00-02.rbtvd.mongodb.net:27017 with max election id 7fffffff000000000000005d and max set version 33
2025-03-16T15:34:46.325+09:00  INFO 4436 --- [gdgback] [    Test worker] c.gdg.gdgback.GdgbackApplicationTests    : Started GdgbackApplicationTests in 2.929 seconds (process running for 4.994)
]]></system-out>
  <system-err><![CDATA[Mockito is currently self-attaching to enable the inline-mock-maker. This will no longer work in future releases of the JDK. Please add Mockito as an agent to your build what is described in Mockito's documentation: https://javadoc.io/doc/org.mockito/mockito-core/latest/org/mockito/Mockito.html#0.3
WARNING: A Java agent has been loaded dynamically (C:\Users\jiseong\.gradle\caches\modules-2\files-2.1\net.bytebuddy\byte-buddy-agent\1.15.11\a38b16385e867f59a641330f0362ebe742788ed8\byte-buddy-agent-1.15.11.jar)
WARNING: If a serviceability tool is in use, please run with -XX:+EnableDynamicAgentLoading to hide this warning
WARNING: If a serviceability tool is not in use, please run with -Djdk.instrument.traceUsage for more information
WARNING: Dynamic loading of agents will be disallowed by default in a future release
]]></system-err>
</testsuite>
