<?xml version="1.0" encoding="UTF-8"?>
<testsuite name="com.gdg.gdgback.GdgbackApplicationTests" tests="4" skipped="0" failures="0" errors="0" timestamp="2025-02-15T05:35:51" hostname="DESKTOP-SU6E90L" time="0.083">
  <properties/>
  <testcase name="addExistingUser()" classname="com.gdg.gdgback.GdgbackApplicationTests" time="0.063"/>
  <testcase name="addUser()" classname="com.gdg.gdgback.GdgbackApplicationTests" time="0.006"/>
  <testcase name="getUser()" classname="com.gdg.gdgback.GdgbackApplicationTests" time="0.004"/>
  <testcase name="GetNotExistingUser()" classname="com.gdg.gdgback.GdgbackApplicationTests" time="0.004"/>
  <system-out><![CDATA[Standard Commons Logging discovery in action with spring-jcl: please remove commons-logging.jar from classpath in order to avoid potential conflicts

  .   ____          _            __ _ _
 /\\ / ___'_ __ _ _(_)_ __  __ _ \ \ \ \
( ( )\___ | '_ | '_| | '_ \/ _` | \ \ \ \
 \\/  ___)| |_)| | | | | || (_| |  ) ) ) )
  '  |____| .__|_| |_|_| |_\__, | / / / /
 =========|_|==============|___/=/_/_/_/

 :: Spring Boot ::                (v3.4.2)

2025-02-15T14:35:51.564+09:00  INFO 14020 --- [gdgback] [    Test worker] c.gdg.gdgback.GdgbackApplicationTests    : Starting GdgbackApplicationTests using Java 21.0.6 with PID 14020 (started by pupaj in C:\Users\pupaj\IdeaProjects\GDG-Back)
2025-02-15T14:35:51.568+09:00  INFO 14020 --- [gdgback] [    Test worker] c.gdg.gdgback.GdgbackApplicationTests    : No active profile set, falling back to 1 default profile: "default"
2025-02-15T14:35:51.739+09:00  INFO 14020 --- [gdgback] [    Test worker] c.gdg.gdgback.GdgbackApplicationTests    : Started GdgbackApplicationTests in 0.616 seconds (process running for 2.932)
]]></system-out>
  <system-err><![CDATA[Mockito is currently self-attaching to enable the inline-mock-maker. This will no longer work in future releases of the JDK. Please add Mockito as an agent to your build what is described in Mockito's documentation: https://javadoc.io/doc/org.mockito/mockito-core/latest/org/mockito/Mockito.html#0.3
WARNING: A Java agent has been loaded dynamically (C:\Users\pupaj\.gradle\caches\modules-2\files-2.1\net.bytebuddy\byte-buddy-agent\1.15.11\a38b16385e867f59a641330f0362ebe742788ed8\byte-buddy-agent-1.15.11.jar)
WARNING: If a serviceability tool is in use, please run with -XX:+EnableDynamicAgentLoading to hide this warning
WARNING: If a serviceability tool is not in use, please run with -Djdk.instrument.traceUsage for more information
WARNING: Dynamic loading of agents will be disallowed by default in a future release
]]></system-err>
</testsuite>
