<?xml version="1.0" encoding="UTF-8"?>
<testsuite name="com.gdg.gdgback.GdgbackApplicationTests" tests="2" skipped="0" failures="0" errors="0" timestamp="2025-02-12T03:46:12" hostname="DESKTOP-RBCQKDV" time="0.161">
  <properties/>
  <testcase name="addExistingUser()" classname="com.gdg.gdgback.GdgbackApplicationTests" time="0.15"/>
  <testcase name="addUser()" classname="com.gdg.gdgback.GdgbackApplicationTests" time="0.008"/>
  <system-out><![CDATA[12:46:05.966 [Test worker] INFO org.springframework.test.context.support.AnnotationConfigContextLoaderUtils -- Could not detect default configuration classes for test class [com.gdg.gdgback.GdgbackApplicationTests]: GdgbackApplicationTests does not declare any static, non-private, non-final, nested classes annotated with @Configuration.
12:46:06.246 [Test worker] INFO org.springframework.boot.test.context.SpringBootTestContextBootstrapper -- Found @SpringBootConfiguration com.gdg.gdgback.GdgbackApplication for test class com.gdg.gdgback.GdgbackApplicationTests

  .   ____          _            __ _ _
 /\\ / ___'_ __ _ _(_)_ __  __ _ \ \ \ \
( ( )\___ | '_ | '_| | '_ \/ _` | \ \ \ \
 \\/  ___)| |_)| | | | | || (_| |  ) ) ) )
  '  |____| .__|_| |_|_| |_\__, | / / / /
 =========|_|==============|___/=/_/_/_/

 :: Spring Boot ::                (v3.4.2)

2025-02-12T12:46:09.572+09:00  INFO 1132 --- [gdgback] [    Test worker] c.gdg.gdgback.GdgbackApplicationTests    : Starting GdgbackApplicationTests using Java 21.0.6 with PID 1132 (started by USER in C:\Users\USER\IdeaProjects\GDG-Back)
2025-02-12T12:46:09.580+09:00  INFO 1132 --- [gdgback] [    Test worker] c.gdg.gdgback.GdgbackApplicationTests    : No active profile set, falling back to 1 default profile: "default"
2025-02-12T12:46:10.371+09:00  INFO 1132 --- [gdgback] [    Test worker] .s.d.r.c.RepositoryConfigurationDelegate : Bootstrapping Spring Data MongoDB repositories in DEFAULT mode.
2025-02-12T12:46:10.548+09:00  INFO 1132 --- [gdgback] [    Test worker] .s.d.r.c.RepositoryConfigurationDelegate : Finished Spring Data repository scanning in 167 ms. Found 1 MongoDB repository interface.
2025-02-12T12:46:12.282+09:00  INFO 1132 --- [gdgback] [    Test worker] org.mongodb.driver.client                : MongoClient with metadata {"application": {"name": "gdgback"}, "driver": {"name": "mongo-java-driver|sync|spring-boot", "version": "5.2.1"}, "os": {"type": "Windows", "name": "Windows 11", "architecture": "amd64", "version": "10.0"}, "platform": "Java/Eclipse Adoptium/21.0.6+7-LTS"} created with settings MongoClientSettings{readPreference=primary, writeConcern=WriteConcern{w=majority, wTimeout=null ms, journal=null}, retryWrites=true, retryReads=true, readConcern=ReadConcern{level=null}, credential=MongoCredential{mechanism=null, userName='pupajusang01', source='admin', password=<hidden>, mechanismProperties=<hidden>}, transportSettings=null, commandListeners=[], codecRegistry=ProvidersCodecRegistry{codecProviders=[ValueCodecProvider{}, BsonValueCodecProvider{}, DBRefCodecProvider{}, DBObjectCodecProvider{}, DocumentCodecProvider{}, CollectionCodecProvider{}, IterableCodecProvider{}, MapCodecProvider{}, GeoJsonCodecProvider{}, GridFSFileCodecProvider{}, Jsr310CodecProvider{}, JsonObjectCodecProvider{}, BsonCodecProvider{}, EnumCodecProvider{}, com.mongodb.client.model.mql.ExpressionCodecProvider@425f94d7, com.mongodb.Jep395RecordCodecProvider@378c48c1, com.mongodb.KotlinCodecProvider@53432aef]}, loggerSettings=LoggerSettings{maxDocumentLength=1000}, clusterSettings={hosts=[127.0.0.1:27017], srvHost=gdgback.rbtvd.mongodb.net, srvServiceName=mongodb, mode=MULTIPLE, requiredClusterType=REPLICA_SET, requiredReplicaSetName='atlas-9m7360-shard-0', serverSelector='null', clusterListeners='[]', serverSelectionTimeout='30000 ms', localThreshold='15 ms'}, socketSettings=SocketSettings{connectTimeoutMS=10000, readTimeoutMS=0, receiveBufferSize=0, proxySettings=ProxySettings{host=null, port=null, username=null, password=null}}, heartbeatSocketSettings=SocketSettings{connectTimeoutMS=10000, readTimeoutMS=10000, receiveBufferSize=0, proxySettings=ProxySettings{host=null, port=null, username=null, password=null}}, connectionPoolSettings=ConnectionPoolSettings{maxSize=100, minSize=0, maxWaitTimeMS=120000, maxConnectionLifeTimeMS=0, maxConnectionIdleTimeMS=0, maintenanceInitialDelayMS=0, maintenanceFrequencyMS=60000, connectionPoolListeners=[], maxConnecting=2}, serverSettings=ServerSettings{heartbeatFrequencyMS=10000, minHeartbeatFrequencyMS=500, serverMonitoringMode=AUTO, serverListeners='[]', serverMonitorListeners='[]'}, sslSettings=SslSettings{enabled=true, invalidHostNameAllowed=false, context=null}, applicationName='gdgback', compressorList=[], uuidRepresentation=JAVA_LEGACY, serverApi=null, autoEncryptionSettings=null, dnsClient=null, inetAddressResolver=null, contextProvider=null, timeoutMS=null}
2025-02-12T12:46:12.307+09:00  INFO 1132 --- [gdgback] [tvd.mongodb.net] org.mongodb.driver.cluster               : Adding discovered server gdgback-shard-00-02.rbtvd.mongodb.net:27017 to client view of cluster
2025-02-12T12:46:12.396+09:00  INFO 1132 --- [gdgback] [tvd.mongodb.net] org.mongodb.driver.cluster               : Adding discovered server gdgback-shard-00-01.rbtvd.mongodb.net:27017 to client view of cluster
2025-02-12T12:46:12.396+09:00  INFO 1132 --- [gdgback] [tvd.mongodb.net] org.mongodb.driver.cluster               : Adding discovered server gdgback-shard-00-00.rbtvd.mongodb.net:27017 to client view of cluster
2025-02-12T12:46:12.948+09:00  INFO 1132 --- [gdgback] [    Test worker] c.gdg.gdgback.GdgbackApplicationTests    : Started GdgbackApplicationTests in 4.179 seconds (process running for 9.094)
]]></system-out>
  <system-err><![CDATA[Mockito is currently self-attaching to enable the inline-mock-maker. This will no longer work in future releases of the JDK. Please add Mockito as an agent to your build what is described in Mockito's documentation: https://javadoc.io/doc/org.mockito/mockito-core/latest/org/mockito/Mockito.html#0.3
WARNING: A Java agent has been loaded dynamically (C:\Users\USER\.gradle\caches\modules-2\files-2.1\net.bytebuddy\byte-buddy-agent\1.15.11\a38b16385e867f59a641330f0362ebe742788ed8\byte-buddy-agent-1.15.11.jar)
WARNING: If a serviceability tool is in use, please run with -XX:+EnableDynamicAgentLoading to hide this warning
WARNING: If a serviceability tool is not in use, please run with -Djdk.instrument.traceUsage for more information
WARNING: Dynamic loading of agents will be disallowed by default in a future release
]]></system-err>
</testsuite>
